# do {tb_top_compile.do}
# ** Warning: (vlib-34) Library already exists at "modelsim_lib/work".
# Errors: 0, Warnings: 1
# ** Warning: (vlib-34) Library already exists at "modelsim_lib/msim".
# Errors: 0, Warnings: 1
# ** Warning: (vlib-34) Library already exists at "modelsim_lib/msim/xil_defaultlib".
# Errors: 0, Warnings: 1
# Model Technology ModelSim SE-64 vmap 2020.4 Lib Mapping Utility 2020.10 Oct 13 2020
# vmap xil_defaultlib modelsim_lib/msim/xil_defaultlib 
# Modifying modelsim.ini
# ** Warning: (vlog-159) Mode option -64 is not supported in this context and will be ignored.
# Model Technology ModelSim SE-64 vlog 2020.4 Compiler 2020.10 Oct 13 2020
# Start time: 12:47:02 on Mar 28,2024
# vlog -64 -incr -work xil_defaultlib "+incdir+../../../../data_gen.srcs/sources_1/ip/clk_wiz_0" ../../../../data_gen.srcs/sources_1/ip/ila_0/sim/ila_0.v ../../../../data_gen.srcs/sources_1/ip/clk_wiz_0/clk_wiz_0_sim_netlist.v ../../../../data_gen.srcs/sources_1/new/gen_uart_data.v ../../../../data_gen.srcs/sources_1/new/top.v ../../../../data_gen.srcs/sources_1/new/uart_tx.v ../../../../data_gen.srcs/sim_1/new/tb_top.v 
# -- Skipping module ila_0
# -- Skipping module clk_wiz_0
# -- Skipping module clk_wiz_0_clk_wiz_0_clk_wiz
# -- Compiling module glbl
# -- Skipping module gen_uart_data
# -- Skipping module top
# -- Skipping module uart_tx
# -- Skipping module tb_top
# 
# Top level modules:
# 	glbl
# 	tb_top
# End time: 12:47:02 on Mar 28,2024, Elapsed time: 0:00:00
# Errors: 0, Warnings: 1
# Model Technology ModelSim SE-64 vlog 2020.4 Compiler 2020.10 Oct 13 2020
# Start time: 12:47:03 on Mar 28,2024
# vlog -work xil_defaultlib glbl.v 
# -- Compiling module glbl
# 
# Top level modules:
# 	glbl
# End time: 12:47:03 on Mar 28,2024, Elapsed time: 0:00:00
# Errors: 0, Warnings: 0
