# //  ModelSim SE-64 2020.4 Oct 13 2020
# //
# //  Copyright 1991-2020 Mentor Graphics Corporation
# //  All Rights Reserved.
# //
# //  ModelSim SE-64 and its associated documentation contain trade
# //  secrets and commercial or financial information that are the property of
# //  Mentor Graphics Corporation and are privileged, confidential,
# //  and exempt from disclosure under the Freedom of Information Act,
# //  5 U.S.C. Section 552. Furthermore, this information
# //  is prohibited from disclosure under the Trade Secrets Act,
# //  18 U.S.C. Section 1905.
# //
# do {tb_top_simulate.do}
# vsim -voptargs=""+acc"" -L xil_defaultlib -L unisims_ver -L unimacro_ver -L secureip -L xpm -lib xil_defaultlib xil_defaultlib.tb_top xil_defaultlib.glbl 
# Start time: 12:47:54 on Mar 28,2024
# ** Note: (vsim-3812) Design is being optimized...
# ** Error (suppressible): ../../../../data_gen.srcs/sim_1/new/tb_top.v(36): (vopt-2912) Port 'clk' not found in module 'top' (1st connection).
# Optimization failed
# ** Note: (vsim-12126) Error and warning message counts have been restored: Errors=1, Warnings=0.
# Error loading design
# Error: Error loading design
#        Pausing macro execution
# MACRO ./tb_top_simulate.do PAUSED at line 9
# End time: 12:49:04 on Mar 28,2024, Elapsed time: 0:01:10
# Errors: 1, Warnings: 0
